This is pdfTeX, Version 3.14159265-2.6-1.40.21 (MiKTeX 21.1) (preloaded format=pdflatex 2021.2.14)  17 FEB 2021 00:49
entering extended mode
**./MazeonFire.tex
(MazeonFire.tex
LaTeX2e <2020-10-01> patch level 4
L3 programming layer <2021-01-09> xparse <2020-03-03>
(C:\Users\johny\AppData\Local\Programs\MiKTeX\tex/latex/base\article.cls
Document Class: article 2020/04/10 v1.4m Standard LaTeX document class
(C:\Users\johny\AppData\Local\Programs\MiKTeX\tex/latex/base\size10.clo
File: size10.clo 2020/04/10 v1.4m Standard LaTeX file (size option)
)
\c@part=\count177
\c@section=\count178
\c@subsection=\count179
\c@subsubsection=\count180
\c@paragraph=\count181
\c@subparagraph=\count182
\c@figure=\count183
\c@table=\count184
\abovecaptionskip=\skip47
\belowcaptionskip=\skip48
\bibindent=\dimen138
)
(C:\Users\johny\AppData\Local\Programs\MiKTeX\tex/latex/graphics\graphicx.sty
Package: graphicx 2020/09/09 v1.2b Enhanced LaTeX Graphics (DPC,SPQR)

(C:\Users\johny\AppData\Local\Programs\MiKTeX\tex/latex/graphics\keyval.sty
Package: keyval 2014/10/28 v1.15 key=value parser (DPC)
\KV@toks@=\toks15
)
(C:\Users\johny\AppData\Local\Programs\MiKTeX\tex/latex/graphics\graphics.sty
Package: graphics 2020/08/30 v1.4c Standard LaTeX Graphics (DPC,SPQR)

(C:\Users\johny\AppData\Local\Programs\MiKTeX\tex/latex/graphics\trig.sty
Package: trig 2016/01/03 v1.10 sin cos tan (DPC)
)
(C:\Users\johny\AppData\Local\Programs\MiKTeX\tex/latex/graphics-cfg\graphics.c
fg
File: graphics.cfg 2016/06/04 v1.11 sample graphics configuration
)
Package graphics Info: Driver file: dvips.def on input line 105.

(C:\Users\johny\AppData\Local\Programs\MiKTeX\tex/latex/graphics-def\dvips.def
File: dvips.def 2017/06/20 v3.1d Graphics/color driver for dvips
))
\Gin@req@height=\dimen139
\Gin@req@width=\dimen140
) (C:\Users\johny\AppData\Local\Programs\MiKTeX\tex/latex/graphics\color.sty
Package: color 2020/02/24 v1.2b Standard LaTeX Color (DPC)

(C:\Users\johny\AppData\Local\Programs\MiKTeX\tex/latex/graphics-cfg\color.cfg
File: color.cfg 2016/01/02 v1.6 sample color configuration
)
Package color Info: Driver file: pdftex.def on input line 147.

(C:\Users\johny\AppData\Local\Programs\MiKTeX\tex/latex/graphics-def\pdftex.def
File: pdftex.def 2020/10/05 v1.2a Graphics/color driver for pdftex
))
(C:\Users\johny\AppData\Local\Programs\MiKTeX\tex/latex/l3backend\l3backend-pdf
tex.def
File: l3backend-pdftex.def 2021-01-09 L3 backend support: PDF output (pdfTeX)
\l__kernel_color_stack_int=\count185
\l__pdf_internal_box=\box47
) (MazeonFire.aux)
\openout1 = `MazeonFire.aux'.

LaTeX Font Info:    Checking defaults for OML/cmm/m/it on input line 11.
LaTeX Font Info:    ... okay on input line 11.
LaTeX Font Info:    Checking defaults for OMS/cmsy/m/n on input line 11.
LaTeX Font Info:    ... okay on input line 11.
LaTeX Font Info:    Checking defaults for OT1/cmr/m/n on input line 11.
LaTeX Font Info:    ... okay on input line 11.
LaTeX Font Info:    Checking defaults for T1/cmr/m/n on input line 11.
LaTeX Font Info:    ... okay on input line 11.
LaTeX Font Info:    Checking defaults for TS1/cmr/m/n on input line 11.
LaTeX Font Info:    ... okay on input line 11.
LaTeX Font Info:    Checking defaults for OMX/cmex/m/n on input line 11.
LaTeX Font Info:    ... okay on input line 11.
LaTeX Font Info:    Checking defaults for U/cmr/m/n on input line 11.
LaTeX Font Info:    ... okay on input line 11.

(C:\Users\johny\AppData\Local\Programs\MiKTeX\tex/context/base/mkii\supp-pdf.mk
ii
[Loading MPS to PDF converter (version 2006.09.02).]
\scratchcounter=\count186
\scratchdimen=\dimen141
\scratchbox=\box48
\nofMPsegments=\count187
\nofMParguments=\count188
\everyMPshowfont=\toks16
\MPscratchCnt=\count189
\MPscratchDim=\dimen142
\MPnumerator=\count190
\makeMPintoPDFobject=\count191
\everyMPtoPDFconversion=\toks17
)
(C:\Users\johny\AppData\Local\Programs\MiKTeX\tex/latex/epstopdf-pkg\epstopdf-b
ase.sty
Package: epstopdf-base 2020-01-24 v2.11 Base part for package epstopdf
Package epstopdf-base Info: Redefining graphics rule for `.eps' on input line 4
85.
)
LaTeX Font Info:    External font `cmex10' loaded for size
(Font)              <12> on input line 12.
LaTeX Font Info:    External font `cmex10' loaded for size
(Font)              <8> on input line 12.
LaTeX Font Info:    External font `cmex10' loaded for size
(Font)              <6> on input line 12.
<maze1.png, id=1, 611.28375pt x 243.15843pt>
File: maze1.png Graphic file (type png)
<use maze1.png>
Package pdftex.def Info: maze1.png  used on input line 28.
(pdftex.def)             Requested size: 252.94499pt x 100.61575pt.
<maze3.png, id=3, 613.54219pt x 243.15843pt>
File: maze3.png Graphic file (type png)
<use maze3.png>
Package pdftex.def Info: maze3.png  used on input line 29.
(pdftex.def)             Requested size: 252.94499pt x 100.24843pt.
 [1
Non-PDF special ignored!
<special> papersize=614.295pt,794.96999pt

{C:/Users/johny/AppData/Local/MiKTeX/pdftex/config/pdftex.map} <./maze1.png> <.
/maze3.png>]
<DFSanalysis.png, id=17, 562.1pt x 368.37625pt>
File: DFSanalysis.png Graphic file (type png)
<use DFSanalysis.png>
Package pdftex.def Info: DFSanalysis.png  used on input line 44.
(pdftex.def)             Requested size: 252.94499pt x 165.76778pt.
<BFSvA.png, id=18, 641.39626pt x 447.17062pt>
File: BFSvA.png Graphic file (type png)
<use BFSvA.png>
Package pdftex.def Info: BFSvA.png  used on input line 60.
(pdftex.def)             Requested size: 252.94499pt x 176.34729pt.
<BFS.png, id=19, 744.53156pt x 207.77625pt>
File: BFS.png Graphic file (type png)
<use BFS.png>
Package pdftex.def Info: BFS.png  used on input line 69.
(pdftex.def)             Requested size: 252.94499pt x 70.58908pt.
<astar.png, id=20, 743.77875pt x 209.28188pt>
File: astar.png Graphic file (type png)
<use astar.png>
Package pdftex.def Info: astar.png  used on input line 78.
(pdftex.def)             Requested size: 252.94499pt x 71.17085pt.
 [2 <./DFSanalysis.png>] [3 <./BFSvA.png> <./BFS.png> <./astar.png>]
<strat3ex.png, id=31, 529.98pt x 371.13657pt>
File: strat3ex.png Graphic file (type png)
<use strat3ex.png>
Package pdftex.def Info: strat3ex.png  used on input line 103.
(pdftex.def)             Requested size: 252.94499pt x 177.1355pt.
 [4 <./strat3ex.png>] [5] (MazeonFire.aux) ) 
Here is how much of TeX's memory you used:
 1338 strings out of 479618
 20576 string characters out of 2865026
 295954 words of memory out of 3000000
 18540 multiletter control sequences out of 15000+200000
 408059 words of font info for 42 fonts, out of 3000000 for 9000
 1141 hyphenation exceptions out of 8191
 68i,7n,74p,523b,233s stack positions out of 5000i,500n,10000p,200000b,50000s
 <C:\Users\johny\AppData\Local\MiKT
eX\fonts/pk/ljfour/jknappen/ec/dpi600\tcrm1000.pk><C:/Users/johny/AppData/Local
/Programs/MiKTeX/fonts/type1/public/amsfonts/cm/cmbx10.pfb><C:/Users/johny/AppD
ata/Local/Programs/MiKTeX/fonts/type1/public/amsfonts/cm/cmbx12.pfb><C:/Users/j
ohny/AppData/Local/Programs/MiKTeX/fonts/type1/public/amsfonts/cm/cmr10.pfb><C:
/Users/johny/AppData/Local/Programs/MiKTeX/fonts/type1/public/amsfonts/cm/cmr12
.pfb><C:/Users/johny/AppData/Local/Programs/MiKTeX/fonts/type1/public/amsfonts/
cm/cmr17.pfb><C:/Users/johny/AppData/Local/Programs/MiKTeX/fonts/type1/public/a
msfonts/cm/cmti10.pfb>
Output written on MazeonFire.pdf (5 pages, 177329 bytes).
PDF statistics:
 62 PDF objects out of 1000 (max. 8388607)
 0 named destinations out of 1000 (max. 500000)
 36 words of extra memory for PDF output out of 10000 (max. 10000000)

